<?xml version="1.0" encoding="UTF-8"?>
<!-- Generated by org.testng.reporters.JUnitXMLReporter -->
<testsuite hostname="DELL-PC" ignored="0" name="Default test" tests="4" failures="0" timestamp="30 Sep 2018 13:50:29 GMT" time="33.204" errors="0">
  <testcase name="Test_01" time="11.777" classname="p1.LoginTest"/>
  <testcase name="Test_02" time="19.03" classname="p1.LoginTest"/>
  <testcase name="Test_03" time="2.296" classname="p1.LoginTest"/>
  <testcase name="Test_04" time="0.047" classname="p1.LoginTest"/>
</testsuite> <!-- Default test -->
